{
  "0 debug pnpm:scope": {
    "selected": 1
  },
  "1 debug pnpm:package-manifest": {
    "initial": {
      "name": "redditrem",
      "version": "0.1.0",
      "private": true,
      "dependencies": {
        "@testing-library/jest-dom": "^5.16.1",
        "@testing-library/react": "^12.1.2",
        "@testing-library/user-event": "^13.5.0",
        "@types/jest": "^27.0.3",
        "@types/node": "^17.0.2",
        "@types/react": "^17.0.37",
        "@types/react-dom": "^17.0.11",
        "autoprefixer": "^10.4.0",
        "axios": "^0.24.0",
        "npm-run-all": "^4.1.5",
        "postcss-cli": "^9.1.0",
        "qs": "^6.10.2",
        "react": "^17.0.2",
        "react-device-detect": "^2.1.2",
        "react-dom": "^17.0.2",
        "react-redux": "^7.2.6",
        "react-router-dom": "^6.2.1",
        "react-scripts": "5.0.0",
        "redux": "^4.1.2",
        "redux-devtools-extension": "^2.13.9",
        "redux-thunk": "^2.4.1",
        "tailwindcss": "^3.0.7",
        "typescript": "^4.5.4",
        "util": "^0.12.4",
        "uuidv4": "^6.2.12"
      },
      "scripts": {
        "build:tailwind": "postcss src/tailwind.css -o src/tailwind.generated.css",
        "watch:tailwind": "postcss -w src/tailwind.css -o src/tailwind.generated.css",
        "start": "run-p watch:tailwind start:react",
        "start:react": "sleep 2 && react-scripts start",
        "prebuild": "npm run build:tailwind",
        "build": "react-scripts build",
        "test": "react-scripts test",
        "eject": "react-scripts eject"
      },
      "eslintConfig": {
        "extends": "react-app"
      },
      "browserslist": {
        "production": [
          ">0.2%",
          "not dead",
          "not op_mini all"
        ],
        "development": [
          "last 1 chrome version",
          "last 1 firefox version",
          "last 1 safari version"
        ]
      },
      "devDependencies": {
        "axios-mock-adapter": "^1.20.0",
        "prettier": "^2.5.1",
        "redux-mock-store": "^1.5.4"
      }
    },
    "prefix": "/home/ringu/Projects/redditrem"
  },
  "2 debug pnpm:context": {
    "currentLockfileExists": true,
    "storeDir": "/home/ringu/.pnpm-store/v3",
    "virtualStoreDir": "/home/ringu/Projects/redditrem/node_modules/.pnpm"
  },
  "3 debug pnpm:stage": {
    "prefix": "/home/ringu/Projects/redditrem",
    "stage": "resolution_started"
  },
  "4 debug pnpm:_dependency_resolved": {
    "resolution": "registry.npmjs.org/axios-mock-adapter/1.20.0",
    "wanted": {
      "dependentId": ".",
      "name": "axios-mock-adapter",
      "rawSpec": "^1.20.0"
    }
  },
  "5 debug pnpm:_dependency_resolved": {
    "resolution": "registry.npmjs.org/prettier/2.5.1",
    "wanted": {
      "dependentId": ".",
      "name": "prettier",
      "rawSpec": "^2.5.1"
    }
  },
  "6 debug pnpm:_dependency_resolved": {
    "resolution": "registry.npmjs.org/redux-mock-store/1.5.4",
    "wanted": {
      "dependentId": ".",
      "name": "redux-mock-store",
      "rawSpec": "^1.5.4"
    }
  },
  "7 debug pnpm:_dependency_resolved": {
    "resolution": "registry.npmjs.org/@testing-library/jest-dom/5.16.1",
    "wanted": {
      "dependentId": ".",
      "name": "@testing-library/jest-dom",
      "rawSpec": "^5.16.1"
    }
  },
  "8 debug pnpm:_dependency_resolved": {
    "resolution": "registry.npmjs.org/@testing-library/react/12.1.2",
    "wanted": {
      "dependentId": ".",
      "name": "@testing-library/react",
      "rawSpec": "^12.1.2"
    }
  },
  "9 debug pnpm:_dependency_resolved": {
    "resolution": "registry.npmjs.org/@testing-library/user-event/13.5.0",
    "wanted": {
      "dependentId": ".",
      "name": "@testing-library/user-event",
      "rawSpec": "^13.5.0"
    }
  },
  "10 debug pnpm:_dependency_resolved": {
    "resolution": "registry.npmjs.org/@types/jest/27.0.3",
    "wanted": {
      "dependentId": ".",
      "name": "@types/jest",
      "rawSpec": "^27.0.3"
    }
  },
  "11 debug pnpm:_dependency_resolved": {
    "resolution": "registry.npmjs.org/@types/node/17.0.2",
    "wanted": {
      "dependentId": ".",
      "name": "@types/node",
      "rawSpec": "^17.0.2"
    }
  },
  "12 debug pnpm:_dependency_resolved": {
    "resolution": "registry.npmjs.org/@types/react/17.0.37",
    "wanted": {
      "dependentId": ".",
      "name": "@types/react",
      "rawSpec": "^17.0.37"
    }
  },
  "13 debug pnpm:_dependency_resolved": {
    "resolution": "registry.npmjs.org/@types/react-dom/17.0.11",
    "wanted": {
      "dependentId": ".",
      "name": "@types/react-dom",
      "rawSpec": "^17.0.11"
    }
  },
  "14 debug pnpm:_dependency_resolved": {
    "resolution": "registry.npmjs.org/autoprefixer/10.4.0",
    "wanted": {
      "dependentId": ".",
      "name": "autoprefixer",
      "rawSpec": "^10.4.0"
    }
  },
  "15 debug pnpm:_dependency_resolved": {
    "resolution": "registry.npmjs.org/axios/0.24.0",
    "wanted": {
      "dependentId": ".",
      "name": "axios",
      "rawSpec": "^0.24.0"
    }
  },
  "16 debug pnpm:_dependency_resolved": {
    "resolution": "registry.npmjs.org/npm-run-all/4.1.5",
    "wanted": {
      "dependentId": ".",
      "name": "npm-run-all",
      "rawSpec": "^4.1.5"
    }
  },
  "17 debug pnpm:_dependency_resolved": {
    "resolution": "registry.npmjs.org/postcss-cli/9.1.0",
    "wanted": {
      "dependentId": ".",
      "name": "postcss-cli",
      "rawSpec": "^9.1.0"
    }
  },
  "18 debug pnpm:_dependency_resolved": {
    "resolution": "registry.npmjs.org/qs/6.10.2",
    "wanted": {
      "dependentId": ".",
      "name": "qs",
      "rawSpec": "^6.10.2"
    }
  },
  "19 debug pnpm:_dependency_resolved": {
    "resolution": "registry.npmjs.org/react/17.0.2",
    "wanted": {
      "dependentId": ".",
      "name": "react",
      "rawSpec": "^17.0.2"
    }
  },
  "20 debug pnpm:_dependency_resolved": {
    "resolution": "registry.npmjs.org/react-device-detect/2.1.2",
    "wanted": {
      "dependentId": ".",
      "name": "react-device-detect",
      "rawSpec": "^2.1.2"
    }
  },
  "21 debug pnpm:_dependency_resolved": {
    "resolution": "registry.npmjs.org/react-dom/17.0.2",
    "wanted": {
      "dependentId": ".",
      "name": "react-dom",
      "rawSpec": "^17.0.2"
    }
  },
  "22 debug pnpm:_dependency_resolved": {
    "resolution": "registry.npmjs.org/react-redux/7.2.6",
    "wanted": {
      "dependentId": ".",
      "name": "react-redux",
      "rawSpec": "^7.2.6"
    }
  },
  "23 debug pnpm:_dependency_resolved": {
    "resolution": "registry.npmjs.org/react-router-dom/6.2.1",
    "wanted": {
      "dependentId": ".",
      "name": "react-router-dom",
      "rawSpec": "^6.2.1"
    }
  },
  "24 debug pnpm:_dependency_resolved": {
    "resolution": "registry.npmjs.org/react-scripts/5.0.0",
    "wanted": {
      "dependentId": ".",
      "name": "react-scripts",
      "rawSpec": "5.0.0"
    }
  },
  "25 debug pnpm:_dependency_resolved": {
    "resolution": "registry.npmjs.org/redux/4.1.2",
    "wanted": {
      "dependentId": ".",
      "name": "redux",
      "rawSpec": "^4.1.2"
    }
  },
  "26 debug pnpm:_dependency_resolved": {
    "resolution": "registry.npmjs.org/redux-devtools-extension/2.13.9",
    "wanted": {
      "dependentId": ".",
      "name": "redux-devtools-extension",
      "rawSpec": "^2.13.9"
    }
  },
  "27 debug pnpm:_dependency_resolved": {
    "resolution": "registry.npmjs.org/redux-thunk/2.4.1",
    "wanted": {
      "dependentId": ".",
      "name": "redux-thunk",
      "rawSpec": "^2.4.1"
    }
  },
  "28 debug pnpm:_dependency_resolved": {
    "resolution": "registry.npmjs.org/tailwindcss/3.0.7",
    "wanted": {
      "dependentId": ".",
      "name": "tailwindcss",
      "rawSpec": "^3.0.7"
    }
  },
  "29 debug pnpm:_dependency_resolved": {
    "resolution": "registry.npmjs.org/typescript/4.5.4",
    "wanted": {
      "dependentId": ".",
      "name": "typescript",
      "rawSpec": "^4.5.4"
    }
  },
  "30 debug pnpm:_dependency_resolved": {
    "resolution": "registry.npmjs.org/util/0.12.4",
    "wanted": {
      "dependentId": ".",
      "name": "util",
      "rawSpec": "^0.12.4"
    }
  },
  "31 debug pnpm:_dependency_resolved": {
    "resolution": "registry.npmjs.org/uuidv4/6.2.12",
    "wanted": {
      "dependentId": ".",
      "name": "uuidv4",
      "rawSpec": "^6.2.12"
    }
  },
  "32 debug pnpm:progress": {
    "packageId": "registry.npmjs.org/axios-mock-adapter/1.20.0",
    "requester": "/home/ringu/Projects/redditrem",
    "status": "resolved"
  },
  "33 debug pnpm:progress": {
    "packageId": "registry.npmjs.org/axios-mock-adapter/1.20.0",
    "requester": "/home/ringu/Projects/redditrem",
    "status": "found_in_store"
  },
  "34 debug pnpm:progress": {
    "packageId": "registry.npmjs.org/prettier/2.5.1",
    "requester": "/home/ringu/Projects/redditrem",
    "status": "resolved"
  },
  "35 debug pnpm:progress": {
    "packageId": "registry.npmjs.org/prettier/2.5.1",
    "requester": "/home/ringu/Projects/redditrem",
    "status": "found_in_store"
  },
  "36 debug pnpm:progress": {
    "packageId": "registry.npmjs.org/@testing-library/jest-dom/5.16.1",
    "requester": "/home/ringu/Projects/redditrem",
    "status": "resolved"
  },
  "37 debug pnpm:progress": {
    "packageId": "registry.npmjs.org/@testing-library/jest-dom/5.16.1",
    "requester": "/home/ringu/Projects/redditrem",
    "status": "found_in_store"
  },
  "38 debug pnpm:progress": {
    "packageId": "registry.npmjs.org/@testing-library/react/12.1.2",
    "requester": "/home/ringu/Projects/redditrem",
    "status": "resolved"
  },
  "39 debug pnpm:progress": {
    "packageId": "registry.npmjs.org/@testing-library/react/12.1.2",
    "requester": "/home/ringu/Projects/redditrem",
    "status": "found_in_store"
  },
  "40 debug pnpm:progress": {
    "packageId": "registry.npmjs.org/redux-mock-store/1.5.4",
    "requester": "/home/ringu/Projects/redditrem",
    "status": "resolved"
  },
  "41 debug pnpm:progress": {
    "packageId": "registry.npmjs.org/redux-mock-store/1.5.4",
    "requester": "/home/ringu/Projects/redditrem",
    "status": "found_in_store"
  },
  "42 debug pnpm:progress": {
    "packageId": "registry.npmjs.org/@testing-library/user-event/13.5.0",
    "requester": "/home/ringu/Projects/redditrem",
    "status": "resolved"
  },
  "43 debug pnpm:progress": {
    "packageId": "registry.npmjs.org/@testing-library/user-event/13.5.0",
    "requester": "/home/ringu/Projects/redditrem",
    "status": "found_in_store"
  },
  "44 debug pnpm:progress": {
    "packageId": "registry.npmjs.org/@types/jest/27.0.3",
    "requester": "/home/ringu/Projects/redditrem",
    "status": "resolved"
  },
  "45 debug pnpm:progress": {
    "packageId": "registry.npmjs.org/@types/jest/27.0.3",
    "requester": "/home/ringu/Projects/redditrem",
    "status": "found_in_store"
  },
  "46 debug pnpm:progress": {
    "packageId": "registry.npmjs.org/@types/react/17.0.37",
    "requester": "/home/ringu/Projects/redditrem",
    "status": "resolved"
  },
  "47 debug pnpm:progress": {
    "packageId": "registry.npmjs.org/@types/react/17.0.37",
    "requester": "/home/ringu/Projects/redditrem",
    "status": "found_in_store"
  },
  "48 debug pnpm:progress": {
    "packageId": "registry.npmjs.org/@types/react-dom/17.0.11",
    "requester": "/home/ringu/Projects/redditrem",
    "status": "resolved"
  },
  "49 debug pnpm:progress": {
    "packageId": "registry.npmjs.org/@types/react-dom/17.0.11",
    "requester": "/home/ringu/Projects/redditrem",
    "status": "found_in_store"
  },
  "50 debug pnpm:progress": {
    "packageId": "registry.npmjs.org/@types/node/17.0.2",
    "requester": "/home/ringu/Projects/redditrem",
    "status": "resolved"
  },
  "51 debug pnpm:progress": {
    "packageId": "registry.npmjs.org/@types/node/17.0.2",
    "requester": "/home/ringu/Projects/redditrem",
    "status": "found_in_store"
  },
  "52 debug pnpm:progress": {
    "packageId": "registry.npmjs.org/autoprefixer/10.4.0",
    "requester": "/home/ringu/Projects/redditrem",
    "status": "resolved"
  },
  "53 debug pnpm:progress": {
    "packageId": "registry.npmjs.org/autoprefixer/10.4.0",
    "requester": "/home/ringu/Projects/redditrem",
    "status": "found_in_store"
  },
  "54 debug pnpm:progress": {
    "packageId": "registry.npmjs.org/axios/0.24.0",
    "requester": "/home/ringu/Projects/redditrem",
    "status": "resolved"
  },
  "55 debug pnpm:progress": {
    "packageId": "registry.npmjs.org/axios/0.24.0",
    "requester": "/home/ringu/Projects/redditrem",
    "status": "found_in_store"
  },
  "56 debug pnpm:progress": {
    "packageId": "registry.npmjs.org/npm-run-all/4.1.5",
    "requester": "/home/ringu/Projects/redditrem",
    "status": "resolved"
  },
  "57 debug pnpm:progress": {
    "packageId": "registry.npmjs.org/npm-run-all/4.1.5",
    "requester": "/home/ringu/Projects/redditrem",
    "status": "found_in_store"
  },
  "58 debug pnpm:progress": {
    "packageId": "registry.npmjs.org/postcss-cli/9.1.0",
    "requester": "/home/ringu/Projects/redditrem",
    "status": "resolved"
  },
  "59 debug pnpm:progress": {
    "packageId": "registry.npmjs.org/postcss-cli/9.1.0",
    "requester": "/home/ringu/Projects/redditrem",
    "status": "found_in_store"
  },
  "60 debug pnpm:progress": {
    "packageId": "registry.npmjs.org/qs/6.10.2",
    "requester": "/home/ringu/Projects/redditrem",
    "status": "resolved"
  },
  "61 debug pnpm:progress": {
    "packageId": "registry.npmjs.org/qs/6.10.2",
    "requester": "/home/ringu/Projects/redditrem",
    "status": "found_in_store"
  },
  "62 debug pnpm:progress": {
    "packageId": "registry.npmjs.org/react/17.0.2",
    "requester": "/home/ringu/Projects/redditrem",
    "status": "resolved"
  },
  "63 debug pnpm:progress": {
    "packageId": "registry.npmjs.org/react/17.0.2",
    "requester": "/home/ringu/Projects/redditrem",
    "status": "found_in_store"
  },
  "64 debug pnpm:progress": {
    "packageId": "registry.npmjs.org/react-device-detect/2.1.2",
    "requester": "/home/ringu/Projects/redditrem",
    "status": "resolved"
  },
  "65 debug pnpm:progress": {
    "packageId": "registry.npmjs.org/react-device-detect/2.1.2",
    "requester": "/home/ringu/Projects/redditrem",
    "status": "found_in_store"
  },
  "66 debug pnpm:progress": {
    "packageId": "registry.npmjs.org/react-dom/17.0.2",
    "requester": "/home/ringu/Projects/redditrem",
    "status": "resolved"
  },
  "67 debug pnpm:progress": {
    "packageId": "registry.npmjs.org/react-dom/17.0.2",
    "requester": "/home/ringu/Projects/redditrem",
    "status": "found_in_store"
  },
  "68 debug pnpm:progress": {
    "packageId": "registry.npmjs.org/react-router-dom/6.2.1",
    "requester": "/home/ringu/Projects/redditrem",
    "status": "resolved"
  },
  "69 debug pnpm:progress": {
    "packageId": "registry.npmjs.org/react-router-dom/6.2.1",
    "requester": "/home/ringu/Projects/redditrem",
    "status": "found_in_store"
  },
  "70 debug pnpm:progress": {
    "packageId": "registry.npmjs.org/react-scripts/5.0.0",
    "requester": "/home/ringu/Projects/redditrem",
    "status": "resolved"
  },
  "71 debug pnpm:progress": {
    "packageId": "registry.npmjs.org/react-scripts/5.0.0",
    "requester": "/home/ringu/Projects/redditrem",
    "status": "found_in_store"
  },
  "72 debug pnpm:progress": {
    "packageId": "registry.npmjs.org/redux/4.1.2",
    "requester": "/home/ringu/Projects/redditrem",
    "status": "resolved"
  },
  "73 debug pnpm:progress": {
    "packageId": "registry.npmjs.org/redux/4.1.2",
    "requester": "/home/ringu/Projects/redditrem",
    "status": "found_in_store"
  },
  "74 debug pnpm:progress": {
    "packageId": "registry.npmjs.org/redux-devtools-extension/2.13.9",
    "requester": "/home/ringu/Projects/redditrem",
    "status": "resolved"
  },
  "75 debug pnpm:progress": {
    "packageId": "registry.npmjs.org/redux-devtools-extension/2.13.9",
    "requester": "/home/ringu/Projects/redditrem",
    "status": "found_in_store"
  },
  "76 debug pnpm:progress": {
    "packageId": "registry.npmjs.org/redux-thunk/2.4.1",
    "requester": "/home/ringu/Projects/redditrem",
    "status": "resolved"
  },
  "77 debug pnpm:progress": {
    "packageId": "registry.npmjs.org/redux-thunk/2.4.1",
    "requester": "/home/ringu/Projects/redditrem",
    "status": "found_in_store"
  },
  "78 debug pnpm:progress": {
    "packageId": "registry.npmjs.org/react-redux/7.2.6",
    "requester": "/home/ringu/Projects/redditrem",
    "status": "resolved"
  },
  "79 debug pnpm:progress": {
    "packageId": "registry.npmjs.org/react-redux/7.2.6",
    "requester": "/home/ringu/Projects/redditrem",
    "status": "found_in_store"
  },
  "80 debug pnpm:progress": {
    "packageId": "registry.npmjs.org/tailwindcss/3.0.7",
    "requester": "/home/ringu/Projects/redditrem",
    "status": "resolved"
  },
  "81 debug pnpm:progress": {
    "packageId": "registry.npmjs.org/tailwindcss/3.0.7",
    "requester": "/home/ringu/Projects/redditrem",
    "status": "found_in_store"
  },
  "82 debug pnpm:progress": {
    "packageId": "registry.npmjs.org/typescript/4.5.4",
    "requester": "/home/ringu/Projects/redditrem",
    "status": "resolved"
  },
  "83 debug pnpm:progress": {
    "packageId": "registry.npmjs.org/typescript/4.5.4",
    "requester": "/home/ringu/Projects/redditrem",
    "status": "found_in_store"
  },
  "84 debug pnpm:progress": {
    "packageId": "registry.npmjs.org/util/0.12.4",
    "requester": "/home/ringu/Projects/redditrem",
    "status": "resolved"
  },
  "85 debug pnpm:progress": {
    "packageId": "registry.npmjs.org/util/0.12.4",
    "requester": "/home/ringu/Projects/redditrem",
    "status": "found_in_store"
  },
  "86 debug pnpm:progress": {
    "packageId": "registry.npmjs.org/uuidv4/6.2.12",
    "requester": "/home/ringu/Projects/redditrem",
    "status": "resolved"
  },
  "87 debug pnpm:progress": {
    "packageId": "registry.npmjs.org/uuidv4/6.2.12",
    "requester": "/home/ringu/Projects/redditrem",
    "status": "found_in_store"
  },
  "88 error pnpm": {
    "code": "ERR_PNPM_FETCH_404",
    "hint": "@redux/toolkit is not in the npm registry, or you have no permission to fetch it.\n\nNo authorization header was set for the request.",
    "request": {
      "url": "https://registry.npmjs.org/@redux%2Ftoolkit"
    },
    "response": {
      "size": 0
    },
    "pkgName": "@redux/toolkit",
    "pkgsStack": [],
    "err": {
      "name": "pnpm",
      "message": "GET https://registry.npmjs.org/@redux%2Ftoolkit: Not Found - 404",
      "code": "ERR_PNPM_FETCH_404",
      "stack": "pnpm: GET https://registry.npmjs.org/@redux%2Ftoolkit: Not Found - 404\n    at RetryOperation._fn (/home/ringu/.nvm/versions/node/v16.13.0/pnpm-global/5/node_modules/.pnpm/pnpm@6.24.1/node_modules/pnpm/dist/pnpm.cjs:85375:19)\n    at processTicksAndRejections (node:internal/process/task_queues:96:5)"
    }
  }
}